c:\users\kbc 12206095\desktop\ブロック崩し\x64\debug\vc143.pdb
c:\users\kbc 12206095\desktop\ブロック崩し\x64\debug\vc143.idb
c:\users\kbc 12206095\desktop\ブロック崩し\x64\debug\title.obj
c:\users\kbc 12206095\desktop\ブロック崩し\x64\debug\scenemanager.obj
c:\users\kbc 12206095\desktop\ブロック崩し\x64\debug\result.obj
c:\users\kbc 12206095\desktop\ブロック崩し\x64\debug\padinput.obj
c:\users\kbc 12206095\desktop\ブロック崩し\x64\debug\main.obj
c:\users\kbc 12206095\desktop\ブロック崩し\x64\debug\help.obj
c:\users\kbc 12206095\desktop\ブロック崩し\x64\debug\gamemain.obj
c:\users\kbc 12206095\desktop\ブロック崩し\x64\debug\end.obj
c:\users\kbc 12206095\desktop\ブロック崩し\x64\debug\template.pdb
c:\users\kbc 12206095\desktop\ブロック崩し\x64\debug\template.tlog\cl.command.1.tlog
c:\users\kbc 12206095\desktop\ブロック崩し\x64\debug\template.tlog\cl.read.1.tlog
c:\users\kbc 12206095\desktop\ブロック崩し\x64\debug\template.tlog\cl.write.1.tlog
c:\users\kbc 12206095\desktop\ブロック崩し\x64\debug\template.tlog\link-cvtres.read.1.tlog
c:\users\kbc 12206095\desktop\ブロック崩し\x64\debug\template.tlog\link-cvtres.write.1.tlog
c:\users\kbc 12206095\desktop\ブロック崩し\x64\debug\template.tlog\link-rc.read.1.tlog
c:\users\kbc 12206095\desktop\ブロック崩し\x64\debug\template.tlog\link-rc.write.1.tlog
c:\users\kbc 12206095\desktop\ブロック崩し\x64\debug\template.tlog\link.command.1.tlog
c:\users\kbc 12206095\desktop\ブロック崩し\x64\debug\template.tlog\link.read.1.tlog
c:\users\kbc 12206095\desktop\ブロック崩し\x64\debug\template.tlog\link.read.2.tlog
c:\users\kbc 12206095\desktop\ブロック崩し\x64\debug\template.tlog\link.write.1.tlog
